TN:
SF:/Users/andeladeveloper/Desktop/post-it-app/test/index_test.js
FN:11,(anonymous_1)
FN:12,(anonymous_2)
FN:18,(anonymous_3)
FN:24,(anonymous_4)
FN:30,(anonymous_5)
FN:36,(anonymous_6)
FN:47,(anonymous_7)
FN:56,(anonymous_8)
FN:68,(anonymous_9)
FN:76,(anonymous_10)
FN:87,(anonymous_11)
FN:96,(anonymous_12)
FN:107,(anonymous_13)
FN:115,(anonymous_14)
FN:126,(anonymous_15)
FN:134,(anonymous_16)
FN:144,(anonymous_17)
FN:171,(anonymous_18)
FN:179,(anonymous_19)
FNF:19
FNH:19
FNDA:1,(anonymous_1)
FNDA:1,(anonymous_2)
FNDA:1,(anonymous_3)
FNDA:1,(anonymous_4)
FNDA:1,(anonymous_5)
FNDA:1,(anonymous_6)
FNDA:1,(anonymous_7)
FNDA:1,(anonymous_8)
FNDA:1,(anonymous_9)
FNDA:1,(anonymous_10)
FNDA:1,(anonymous_11)
FNDA:1,(anonymous_12)
FNDA:1,(anonymous_13)
FNDA:1,(anonymous_14)
FNDA:1,(anonymous_15)
FNDA:1,(anonymous_16)
FNDA:1,(anonymous_17)
FNDA:1,(anonymous_18)
FNDA:1,(anonymous_19)
DA:1,1
DA:2,1
DA:3,1
DA:5,1
DA:8,1
DA:11,1
DA:12,1
DA:13,1
DA:16,1
DA:18,1
DA:19,1
DA:22,1
DA:24,1
DA:25,1
DA:28,1
DA:30,1
DA:31,1
DA:34,1
DA:36,1
DA:37,1
DA:42,1
DA:48,1
DA:49,1
DA:50,1
DA:51,1
DA:52,1
DA:53,1
DA:56,1
DA:57,1
DA:63,1
DA:69,1
DA:70,1
DA:71,1
DA:72,1
DA:73,1
DA:76,1
DA:77,1
DA:82,1
DA:88,1
DA:89,1
DA:90,1
DA:91,1
DA:92,1
DA:93,1
DA:96,1
DA:97,1
DA:102,1
DA:108,1
DA:109,1
DA:110,1
DA:111,1
DA:112,1
DA:115,1
DA:116,1
DA:121,1
DA:127,1
DA:128,1
DA:129,1
DA:130,1
DA:134,1
DA:135,1
DA:139,1
DA:145,1
DA:146,1
DA:148,1
DA:150,1
DA:151,1
DA:171,1
DA:172,1
DA:176,1
DA:180,1
DA:181,1
DA:182,1
DA:183,1
DA:184,1
LF:75
LH:75
BRF:0
BRH:0
end_of_record
