TN:
SF:/Users/andeladeveloper/Desktop/post-it-app/webpack.config.js
FNF:0
FNH:0
DA:1,1
DA:2,1
DA:4,1
DA:5,1
DA:7,1
DA:9,1
DA:75,1
LF:7
LH:7
BRF:0
BRH:0
end_of_record
TN:
SF:/Users/andeladeveloper/Desktop/post-it-app/server/index.js
FN:18,(anonymous_1)
FN:30,(anonymous_2)
FNF:2
FNH:1
FNDA:22,(anonymous_1)
FNDA:0,(anonymous_2)
DA:1,1
DA:2,1
DA:3,1
DA:4,1
DA:5,1
DA:6,1
DA:7,1
DA:9,1
DA:11,1
DA:12,1
DA:14,1
DA:15,1
DA:16,1
DA:18,1
DA:19,22
DA:20,22
DA:21,22
DA:23,22
DA:26,1
DA:28,1
DA:30,1
DA:31,0
DA:34,1
DA:36,1
LF:24
LH:23
BRDA:11,0,0,1
BRDA:11,0,1,1
BRF:2
BRH:2
end_of_record
TN:
SF:/Users/andeladeveloper/Desktop/post-it-app/server/controllers/group.js
FN:13,userGroups
FN:21,(anonymous_3)
FN:22,(anonymous_4)
FN:32,(anonymous_5)
FN:33,(anonymous_6)
FN:54,addMember
FN:71,(anonymous_8)
FN:72,(anonymous_9)
FN:80,(anonymous_10)
FN:81,(anonymous_11)
FN:87,(anonymous_12)
FN:88,(anonymous_13)
FN:94,(anonymous_14)
FN:116,(anonymous_15)
FN:117,(anonymous_16)
FN:128,postMessage
FN:142,(anonymous_18)
FN:147,(anonymous_19)
FN:154,(anonymous_20)
FN:155,(anonymous_21)
FN:165,(anonymous_22)
FN:177,messageList
FN:185,(anonymous_24)
FN:186,(anonymous_25)
FN:197,(anonymous_26)
FN:202,(anonymous_27)
FN:218,group
FN:237,(anonymous_29)
FN:242,(anonymous_30)
FN:255,groupMember
FN:263,(anonymous_32)
FN:264,(anonymous_33)
FN:273,(anonymous_34)
FN:278,(anonymous_35)
FNF:34
FNH:16
FNDA:1,userGroups
FNDA:1,(anonymous_3)
FNDA:9,(anonymous_4)
FNDA:1,(anonymous_5)
FNDA:0,(anonymous_6)
FNDA:3,addMember
FNDA:3,(anonymous_8)
FNDA:18,(anonymous_9)
FNDA:3,(anonymous_10)
FNDA:6,(anonymous_11)
FNDA:3,(anonymous_12)
FNDA:27,(anonymous_13)
FNDA:12,(anonymous_14)
FNDA:3,(anonymous_15)
FNDA:3,(anonymous_16)
FNDA:0,postMessage
FNDA:0,(anonymous_18)
FNDA:0,(anonymous_19)
FNDA:0,(anonymous_20)
FNDA:0,(anonymous_21)
FNDA:0,(anonymous_22)
FNDA:0,messageList
FNDA:0,(anonymous_24)
FNDA:0,(anonymous_25)
FNDA:0,(anonymous_26)
FNDA:0,(anonymous_27)
FNDA:2,group
FNDA:1,(anonymous_29)
FNDA:0,(anonymous_30)
FNDA:0,groupMember
FNDA:0,(anonymous_32)
FNDA:0,(anonymous_33)
FNDA:0,(anonymous_34)
FNDA:0,(anonymous_35)
DA:1,1
DA:2,1
DA:13,1
DA:14,1
DA:15,1
DA:16,1
DA:17,1
DA:22,1
DA:23,9
DA:29,9
DA:32,1
DA:33,0
DA:39,0
DA:54,9
DA:55,3
DA:56,3
DA:57,3
DA:58,3
DA:59,3
DA:63,3
DA:67,3
DA:71,3
DA:72,3
DA:73,18
DA:77,18
DA:80,3
DA:81,3
DA:82,6
DA:83,6
DA:86,3
DA:88,3
DA:89,27
DA:91,27
DA:93,3
DA:94,12
DA:95,3
DA:96,3
DA:97,1
DA:99,2
DA:100,1
DA:102,1
DA:103,1
DA:107,0
DA:116,3
DA:117,3
DA:128,1
DA:129,0
DA:130,0
DA:131,0
DA:132,0
DA:133,0
DA:142,0
DA:148,0
DA:149,0
DA:150,0
DA:154,0
DA:155,0
DA:156,0
DA:159,0
DA:160,0
DA:165,0
DA:177,1
DA:178,0
DA:179,0
DA:180,0
DA:181,0
DA:186,0
DA:187,0
DA:194,0
DA:197,0
DA:202,0
DA:218,4
DA:219,2
DA:220,2
DA:221,2
DA:222,1
DA:223,1
DA:224,1
DA:225,1
DA:226,1
DA:237,1
DA:242,0
DA:244,1
DA:255,1
DA:256,0
DA:257,0
DA:258,0
DA:259,0
DA:264,0
DA:265,0
DA:270,0
DA:273,0
DA:278,0
LF:93
LH:56
BRDA:15,0,0,1
BRDA:15,0,1,0
BRDA:96,1,0,1
BRDA:96,1,1,2
BRDA:99,2,0,1
BRDA:99,2,1,1
BRDA:102,3,0,1
BRDA:102,3,1,0
BRDA:132,4,0,0
BRDA:132,4,1,0
BRDA:148,5,0,0
BRDA:148,5,1,0
BRDA:179,6,0,0
BRDA:179,6,1,0
BRDA:221,7,0,1
BRDA:221,7,1,1
BRDA:257,8,0,0
BRDA:257,8,1,0
BRF:18
BRH:8
end_of_record
TN:
SF:/Users/andeladeveloper/Desktop/post-it-app/server/controllers/user.js
FN:16,signUp
FN:19,(anonymous_3)
FN:24,(anonymous_4)
FN:31,(anonymous_5)
FN:32,(anonymous_6)
FN:56,signIn
FN:59,(anonymous_8)
FN:65,(anonymous_9)
FN:88,signOut
FN:90,(anonymous_11)
FN:91,(anonymous_12)
FN:101,passwordReset
FN:105,(anonymous_14)
FN:107,(anonymous_15)
FNF:14
FNH:11
FNDA:5,signUp
FNDA:1,(anonymous_3)
FNDA:1,(anonymous_4)
FNDA:1,(anonymous_5)
FNDA:4,(anonymous_6)
FNDA:7,signIn
FNDA:8,(anonymous_8)
FNDA:1,(anonymous_9)
FNDA:0,signOut
FNDA:0,(anonymous_11)
FNDA:0,(anonymous_12)
FNDA:3,passwordReset
FNDA:1,(anonymous_14)
FNDA:2,(anonymous_15)
DA:1,1
DA:2,1
DA:4,1
DA:16,15
DA:17,5
DA:18,5
DA:19,5
DA:20,1
DA:25,1
DA:31,1
DA:33,4
DA:34,4
DA:35,1
DA:37,3
DA:38,2
DA:40,1
DA:41,1
DA:43,0
DA:56,14
DA:57,7
DA:58,7
DA:60,8
DA:61,7
DA:66,1
DA:67,1
DA:68,1
DA:70,0
DA:71,0
DA:73,0
DA:74,0
DA:76,0
DA:88,1
DA:89,0
DA:90,0
DA:91,0
DA:101,1
DA:102,3
DA:103,3
DA:104,3
DA:105,1
DA:108,2
DA:109,2
DA:110,0
DA:112,2
DA:113,0
DA:115,2
LF:46
LH:35
BRDA:34,0,0,1
BRDA:34,0,1,3
BRDA:37,1,0,2
BRDA:37,1,1,1
BRDA:40,2,0,1
BRDA:40,2,1,0
BRDA:60,3,0,7
BRDA:60,3,1,1
BRDA:67,4,0,1
BRDA:67,4,1,0
BRDA:70,5,0,0
BRDA:70,5,1,0
BRDA:73,6,0,0
BRDA:73,6,1,0
BRDA:109,7,0,0
BRDA:109,7,1,2
BRDA:112,8,0,0
BRDA:112,8,1,2
BRF:18
BRH:10
end_of_record
TN:
SF:/Users/andeladeveloper/Desktop/post-it-app/server/routes/routes.js
FNF:0
FNH:0
DA:1,1
DA:2,1
DA:3,1
DA:6,1
DA:8,1
DA:9,1
DA:10,1
DA:11,1
DA:12,1
DA:13,1
DA:14,1
DA:15,1
DA:16,1
DA:17,1
LF:14
LH:14
BRF:0
BRH:0
end_of_record
TN:
SF:/Users/andeladeveloper/Desktop/post-it-app/server/utilities/emailTranspoter.js
FN:6,(anonymous_2)
FN:23,(anonymous_3)
FN:26,(anonymous_4)
FNF:3
FNH:0
FNDA:0,(anonymous_2)
FNDA:0,(anonymous_3)
FNDA:0,(anonymous_4)
DA:1,1
DA:2,1
DA:4,1
DA:6,1
DA:7,0
DA:15,0
DA:23,0
DA:24,0
DA:25,0
DA:26,0
DA:27,0
DA:28,0
LF:12
LH:4
BRDA:27,0,0,0
BRDA:27,0,1,0
BRF:2
BRH:0
end_of_record
TN:
SF:/Users/andeladeveloper/Desktop/post-it-app/test/grouptest.js
FN:10,(anonymous_1)
FN:11,(anonymous_2)
FN:14,(anonymous_3)
FN:18,(anonymous_4)
FN:25,(anonymous_5)
FN:34,(anonymous_6)
FN:35,(anonymous_7)
FN:42,(anonymous_8)
FN:46,(anonymous_9)
FN:53,(anonymous_10)
FN:62,(anonymous_11)
FN:63,(anonymous_12)
FN:70,(anonymous_13)
FN:74,(anonymous_14)
FN:77,(anonymous_15)
FN:86,(anonymous_16)
FN:87,(anonymous_17)
FN:94,(anonymous_18)
FN:98,(anonymous_19)
FN:106,(anonymous_20)
FN:115,(anonymous_21)
FN:116,(anonymous_22)
FN:123,(anonymous_23)
FN:127,(anonymous_24)
FN:135,(anonymous_25)
FN:144,(anonymous_26)
FN:145,(anonymous_27)
FN:152,(anonymous_28)
FN:156,(anonymous_29)
FN:164,(anonymous_30)
FNF:30
FNH:30
FNDA:1,(anonymous_1)
FNDA:1,(anonymous_2)
FNDA:1,(anonymous_3)
FNDA:1,(anonymous_4)
FNDA:1,(anonymous_5)
FNDA:1,(anonymous_6)
FNDA:1,(anonymous_7)
FNDA:1,(anonymous_8)
FNDA:1,(anonymous_9)
FNDA:1,(anonymous_10)
FNDA:1,(anonymous_11)
FNDA:1,(anonymous_12)
FNDA:1,(anonymous_13)
FNDA:1,(anonymous_14)
FNDA:1,(anonymous_15)
FNDA:1,(anonymous_16)
FNDA:1,(anonymous_17)
FNDA:1,(anonymous_18)
FNDA:1,(anonymous_19)
FNDA:1,(anonymous_20)
FNDA:1,(anonymous_21)
FNDA:1,(anonymous_22)
FNDA:1,(anonymous_23)
FNDA:1,(anonymous_24)
FNDA:1,(anonymous_25)
FNDA:1,(anonymous_26)
FNDA:1,(anonymous_27)
FNDA:1,(anonymous_28)
FNDA:1,(anonymous_29)
FNDA:1,(anonymous_30)
DA:1,1
DA:2,1
DA:3,1
DA:4,1
DA:6,1
DA:7,1
DA:9,1
DA:10,1
DA:11,1
DA:12,1
DA:15,1
DA:18,1
DA:19,1
DA:26,1
DA:27,1
DA:28,1
DA:29,1
DA:30,1
DA:34,1
DA:35,1
DA:36,1
DA:43,1
DA:46,1
DA:47,1
DA:54,1
DA:55,1
DA:56,1
DA:57,1
DA:58,1
DA:62,1
DA:63,1
DA:64,1
DA:71,1
DA:74,1
DA:75,1
DA:78,1
DA:79,1
DA:80,1
DA:82,1
DA:86,1
DA:87,1
DA:88,1
DA:95,1
DA:98,1
DA:99,1
DA:107,1
DA:108,1
DA:109,1
DA:110,1
DA:111,1
DA:115,1
DA:116,1
DA:117,1
DA:124,1
DA:127,1
DA:128,1
DA:136,1
DA:137,1
DA:138,1
DA:139,1
DA:140,1
DA:144,1
DA:145,1
DA:146,1
DA:153,1
DA:156,1
DA:157,1
DA:165,1
DA:166,1
DA:167,1
DA:168,1
DA:169,1
LF:72
LH:72
BRF:0
BRH:0
end_of_record
TN:
SF:/Users/andeladeveloper/Desktop/post-it-app/test/usertest.js
FN:10,(anonymous_1)
FN:11,(anonymous_2)
FN:17,(anonymous_3)
FN:23,(anonymous_4)
FN:29,(anonymous_5)
FN:35,(anonymous_6)
FN:46,(anonymous_7)
FN:55,(anonymous_8)
FN:67,(anonymous_9)
FN:75,(anonymous_10)
FN:86,(anonymous_11)
FN:95,(anonymous_12)
FN:106,(anonymous_13)
FN:114,(anonymous_14)
FN:125,(anonymous_15)
FN:135,(anonymous_16)
FN:145,(anonymous_17)
FN:155,(anonymous_18)
FN:163,(anonymous_19)
FN:172,(anonymous_20)
FN:177,(anonymous_21)
FN:183,(anonymous_22)
FN:188,(anonymous_23)
FN:196,(anonymous_24)
FN:201,(anonymous_25)
FNF:25
FNH:25
FNDA:1,(anonymous_1)
FNDA:1,(anonymous_2)
FNDA:1,(anonymous_3)
FNDA:1,(anonymous_4)
FNDA:1,(anonymous_5)
FNDA:1,(anonymous_6)
FNDA:1,(anonymous_7)
FNDA:1,(anonymous_8)
FNDA:1,(anonymous_9)
FNDA:1,(anonymous_10)
FNDA:1,(anonymous_11)
FNDA:1,(anonymous_12)
FNDA:1,(anonymous_13)
FNDA:1,(anonymous_14)
FNDA:1,(anonymous_15)
FNDA:1,(anonymous_16)
FNDA:1,(anonymous_17)
FNDA:1,(anonymous_18)
FNDA:1,(anonymous_19)
FNDA:1,(anonymous_20)
FNDA:1,(anonymous_21)
FNDA:1,(anonymous_22)
FNDA:1,(anonymous_23)
FNDA:1,(anonymous_24)
FNDA:1,(anonymous_25)
DA:1,1
DA:2,1
DA:3,1
DA:5,1
DA:7,1
DA:10,1
DA:11,1
DA:12,1
DA:15,1
DA:17,1
DA:18,1
DA:21,1
DA:23,1
DA:24,1
DA:27,1
DA:29,1
DA:30,1
DA:33,1
DA:35,1
DA:36,1
DA:41,1
DA:47,1
DA:48,1
DA:49,1
DA:50,1
DA:51,1
DA:52,1
DA:55,1
DA:56,1
DA:62,1
DA:68,1
DA:69,1
DA:70,1
DA:71,1
DA:72,1
DA:75,1
DA:76,1
DA:81,1
DA:87,1
DA:88,1
DA:89,1
DA:90,1
DA:91,1
DA:92,1
DA:95,1
DA:96,1
DA:101,1
DA:107,1
DA:108,1
DA:109,1
DA:110,1
DA:111,1
DA:114,1
DA:115,1
DA:120,1
DA:126,1
DA:127,1
DA:128,1
DA:129,1
DA:131,1
DA:135,1
DA:136,1
DA:140,1
DA:146,1
DA:147,1
DA:149,1
DA:151,1
DA:152,1
DA:155,1
DA:156,1
DA:160,1
DA:164,1
DA:165,1
DA:166,1
DA:167,1
DA:168,1
DA:172,1
DA:173,1
DA:174,1
DA:178,1
DA:179,1
DA:180,1
DA:183,1
DA:184,1
DA:185,1
DA:189,1
DA:190,1
DA:191,1
DA:192,1
DA:193,1
DA:196,1
DA:197,1
DA:198,1
DA:202,1
DA:203,1
DA:204,1
DA:205,1
DA:206,1
LF:98
LH:98
BRF:0
BRH:0
end_of_record
